2024-08-22 14:22:46,637 - hello_world - INFO - была вызвана функция hello_world с аргументами () и {} 
2024-08-22 14:22:46,637 - hello_world - INFO -  и получили результат Hello World
2024-08-22 14:22:46,637 - summator - INFO - была вызвана функция summator с аргументами (2, 2) и {} 
2024-08-22 14:22:46,637 - summator - INFO -  и получили результат 4
2024-08-22 14:22:46,638 - div - INFO - была вызвана функция div с аргументами (6, 2) и {} 
2024-08-22 14:22:46,638 - div - INFO -  и получили результат 3.0
2024-08-22 14:22:46,638 - summator - INFO - была вызвана функция summator с аргументами (4.3,) и {'b': 2.2} 
2024-08-22 14:22:46,649 - summator - INFO -  и получили результат 6.5
2024-08-22 14:22:46,651 - hello_world - INFO - была вызвана функция hello_world с аргументами () и {} 
2024-08-22 14:22:46,651 - hello_world - INFO -  и получили результат Hello World
2024-08-22 14:22:46,651 - summator - INFO - была вызвана функция summator с аргументами (2, 2) и {} 
2024-08-22 14:22:46,652 - summator - INFO -  и получили результат 4
2024-08-22 14:22:46,652 - div - INFO - была вызвана функция div с аргументами (6, 2) и {} 
2024-08-22 14:22:46,652 - div - INFO -  и получили результат 3.0
2024-08-22 14:22:46,652 - summator - INFO - была вызвана функция summator с аргументами (4.3,) и {'b': 2.2} 
2024-08-22 14:22:46,653 - summator - INFO -  и получили результат 6.5
2024-08-22 14:22:46,654 - hello_world - INFO - была вызвана функция hello_world с аргументами () и {} 
2024-08-22 14:22:46,654 - hello_world - INFO -  и получили результат Hello World
2024-08-22 14:22:46,655 - summator - INFO - была вызвана функция summator с аргументами (2, 2) и {} 
2024-08-22 14:22:46,655 - summator - INFO -  и получили результат 4
2024-08-22 14:22:46,656 - div - INFO - была вызвана функция div с аргументами (6, 2) и {} 
2024-08-22 14:22:46,656 - div - INFO -  и получили результат 3.0
2024-08-22 14:22:46,656 - summator - INFO - была вызвана функция summator с аргументами (4.3,) и {'b': 2.2} 
2024-08-22 14:22:46,657 - summator - INFO -  и получили результат 6.5
2024-08-22 14:22:46,673 - hello_world - INFO - была вызвана функция hello_world с аргументами () и {} 
2024-08-22 14:22:46,674 - hello_world - INFO -  и получили результат Hello World
2024-08-22 14:22:46,674 - summator - INFO - была вызвана функция summator с аргументами (2, 2) и {} 
2024-08-22 14:22:46,675 - summator - INFO -  и получили результат 4
2024-08-22 14:22:46,675 - div - INFO - была вызвана функция div с аргументами (6, 2) и {} 
2024-08-22 14:22:46,675 - div - INFO -  и получили результат 3.0
2024-08-22 14:22:46,676 - summator - INFO - была вызвана функция summator с аргументами (4.3,) и {'b': 2.2} 
2024-08-22 14:22:46,676 - summator - INFO -  и получили результат 6.5
2024-08-22 14:22:46,677 - summator - INFO - была вызвана функция summator с аргументами () и {'a': 0, 'b': 0} 
2024-08-22 14:22:46,677 - summator - INFO -  и получили результат 0
